{"/Users/lorinitzhak/Desktop/Web_class/app_b/server.js": {"path":"/Users/lorinitzhak/Desktop/Web_class/app_b/server.js","statementMap":{"0":{"start":{"line":1,"column":15},"end":{"line":1,"column":34}},"1":{"start":{"line":2,"column":12},"end":{"line":2,"column":21}},"2":{"start":{"line":3,"column":14},"end":{"line":3,"column":40}},"3":{"start":{"line":4,"column":16},"end":{"line":4,"column":35}},"4":{"start":{"line":7,"column":14},"end":{"line":37,"column":1}},"5":{"start":{"line":8,"column":1},"end":{"line":36,"column":3}},"6":{"start":{"line":9,"column":10},"end":{"line":9,"column":29}},"7":{"start":{"line":10,"column":0},"end":{"line":12,"column":3}},"8":{"start":{"line":11,"column":4},"end":{"line":11,"column":21}},"9":{"start":{"line":13,"column":0},"end":{"line":15,"column":3}},"10":{"start":{"line":14,"column":4},"end":{"line":14,"column":40}},"11":{"start":{"line":17,"column":0},"end":{"line":35,"column":3}},"12":{"start":{"line":18,"column":4},"end":{"line":18,"column":34}},"13":{"start":{"line":19,"column":19},"end":{"line":19,"column":41}},"14":{"start":{"line":20,"column":0},"end":{"line":20,"column":27}},"15":{"start":{"line":21,"column":0},"end":{"line":21,"column":48}},"16":{"start":{"line":23,"column":19},"end":{"line":23,"column":51}},"17":{"start":{"line":24,"column":0},"end":{"line":24,"column":30}},"18":{"start":{"line":27,"column":0},"end":{"line":29,"column":3}},"19":{"start":{"line":28,"column":4},"end":{"line":28,"column":27}},"20":{"start":{"line":30,"column":0},"end":{"line":30,"column":13}},"21":{"start":{"line":38,"column":0},"end":{"line":38,"column":25}}},"fnMap":{"0":{"name":"(anonymous_0)","decl":{"start":{"line":7,"column":14},"end":{"line":7,"column":15}},"loc":{"start":{"line":7,"column":19},"end":{"line":37,"column":1}},"line":7},"1":{"name":"(anonymous_1)","decl":{"start":{"line":8,"column":20},"end":{"line":8,"column":21}},"loc":{"start":{"line":8,"column":38},"end":{"line":36,"column":1}},"line":8},"2":{"name":"(anonymous_2)","decl":{"start":{"line":10,"column":15},"end":{"line":10,"column":16}},"loc":{"start":{"line":10,"column":22},"end":{"line":12,"column":1}},"line":10},"3":{"name":"(anonymous_3)","decl":{"start":{"line":13,"column":15},"end":{"line":13,"column":16}},"loc":{"start":{"line":13,"column":19},"end":{"line":15,"column":1}},"line":13},"4":{"name":"(anonymous_4)","decl":{"start":{"line":17,"column":46},"end":{"line":17,"column":47}},"loc":{"start":{"line":17,"column":50},"end":{"line":35,"column":1}},"line":17},"5":{"name":"(anonymous_5)","decl":{"start":{"line":27,"column":18},"end":{"line":27,"column":19}},"loc":{"start":{"line":27,"column":29},"end":{"line":29,"column":1}},"line":27}},"branchMap":{},"s":{"0":1,"1":1,"2":1,"3":1,"4":1,"5":1,"6":1,"7":1,"8":0,"9":1,"10":1,"11":1,"12":1,"13":1,"14":1,"15":1,"16":1,"17":1,"18":1,"19":0,"20":1,"21":1},"f":{"0":1,"1":1,"2":0,"3":1,"4":1,"5":0},"b":{},"_coverageSchema":"1a1c01bbd47fc00a2c39e90264f33305004495a9","hash":"609e5aae406703bfcb7733fc2c26558c567f83dd"}
,"/Users/lorinitzhak/Desktop/Web_class/app_b/controllers/post.js": {"path":"/Users/lorinitzhak/Desktop/Web_class/app_b/controllers/post.js","statementMap":{"0":{"start":{"line":1,"column":13},"end":{"line":1,"column":45}},"1":{"start":{"line":2,"column":17},"end":{"line":2,"column":36}},"2":{"start":{"line":4,"column":20},"end":{"line":13,"column":3}},"3":{"start":{"line":5,"column":4},"end":{"line":5,"column":26}},"4":{"start":{"line":6,"column":4},"end":{"line":12,"column":5}},"5":{"start":{"line":7,"column":17},"end":{"line":7,"column":45}},"6":{"start":{"line":8,"column":4},"end":{"line":8,"column":31}},"7":{"start":{"line":11,"column":8},"end":{"line":11,"column":42}},"8":{"start":{"line":15,"column":19},"end":{"line":29,"column":1}},"9":{"start":{"line":16,"column":18},"end":{"line":16,"column":27}},"10":{"start":{"line":17,"column":4},"end":{"line":17,"column":24}},"11":{"start":{"line":18,"column":4},"end":{"line":28,"column":58}},"12":{"start":{"line":19,"column":8},"end":{"line":26,"column":9}},"13":{"start":{"line":20,"column":26},"end":{"line":20,"column":65}},"14":{"start":{"line":21,"column":12},"end":{"line":21,"column":35}},"15":{"start":{"line":24,"column":21},"end":{"line":24,"column":39}},"16":{"start":{"line":25,"column":7},"end":{"line":25,"column":30}},"17":{"start":{"line":28,"column":16},"end":{"line":28,"column":57}},"18":{"start":{"line":31,"column":20},"end":{"line":44,"column":1}},"19":{"start":{"line":32,"column":19},"end":{"line":32,"column":32}},"20":{"start":{"line":33,"column":4},"end":{"line":43,"column":5}},"21":{"start":{"line":34,"column":21},"end":{"line":34,"column":49}},"22":{"start":{"line":35,"column":8},"end":{"line":39,"column":9}},"23":{"start":{"line":36,"column":10},"end":{"line":36,"column":56}},"24":{"start":{"line":38,"column":12},"end":{"line":38,"column":46}},"25":{"start":{"line":41,"column":8},"end":{"line":41,"column":24}},"26":{"start":{"line":42,"column":9},"end":{"line":42,"column":35}},"27":{"start":{"line":48,"column":20},"end":{"line":51,"column":1}},"28":{"start":{"line":49,"column":4},"end":{"line":49,"column":33}},"29":{"start":{"line":50,"column":4},"end":{"line":50,"column":30}},"30":{"start":{"line":53,"column":20},"end":{"line":71,"column":1}},"31":{"start":{"line":54,"column":19},"end":{"line":54,"column":32}},"32":{"start":{"line":55,"column":4},"end":{"line":57,"column":5}},"33":{"start":{"line":56,"column":8},"end":{"line":56,"column":62}},"34":{"start":{"line":59,"column":1},"end":{"line":70,"column":5}},"35":{"start":{"line":61,"column":21},"end":{"line":61,"column":104}},"36":{"start":{"line":63,"column":8},"end":{"line":65,"column":9}},"37":{"start":{"line":64,"column":12},"end":{"line":64,"column":58}},"38":{"start":{"line":67,"column":8},"end":{"line":67,"column":30}},"39":{"start":{"line":69,"column":8},"end":{"line":69,"column":42}},"40":{"start":{"line":76,"column":0},"end":{"line":76,"column":81}}},"fnMap":{"0":{"name":"(anonymous_0)","decl":{"start":{"line":4,"column":20},"end":{"line":4,"column":21}},"loc":{"start":{"line":4,"column":38},"end":{"line":13,"column":3}},"line":4},"1":{"name":"(anonymous_1)","decl":{"start":{"line":15,"column":19},"end":{"line":15,"column":20}},"loc":{"start":{"line":15,"column":36},"end":{"line":29,"column":1}},"line":15},"2":{"name":"(anonymous_2)","decl":{"start":{"line":31,"column":20},"end":{"line":31,"column":21}},"loc":{"start":{"line":31,"column":40},"end":{"line":44,"column":1}},"line":31},"3":{"name":"(anonymous_3)","decl":{"start":{"line":48,"column":20},"end":{"line":48,"column":21}},"loc":{"start":{"line":48,"column":32},"end":{"line":51,"column":1}},"line":48},"4":{"name":"(anonymous_4)","decl":{"start":{"line":53,"column":20},"end":{"line":53,"column":21}},"loc":{"start":{"line":53,"column":37},"end":{"line":71,"column":1}},"line":53}},"branchMap":{"0":{"loc":{"start":{"line":19,"column":8},"end":{"line":26,"column":9}},"type":"if","locations":[{"start":{"line":19,"column":8},"end":{"line":26,"column":9}},{"start":{"line":23,"column":12},"end":{"line":26,"column":9}}],"line":19},"1":{"loc":{"start":{"line":35,"column":8},"end":{"line":39,"column":9}},"type":"if","locations":[{"start":{"line":35,"column":8},"end":{"line":39,"column":9}},{"start":{"line":37,"column":15},"end":{"line":39,"column":9}}],"line":35},"2":{"loc":{"start":{"line":55,"column":4},"end":{"line":57,"column":5}},"type":"if","locations":[{"start":{"line":55,"column":4},"end":{"line":57,"column":5}},{"start":{},"end":{}}],"line":55},"3":{"loc":{"start":{"line":63,"column":8},"end":{"line":65,"column":9}},"type":"if","locations":[{"start":{"line":63,"column":8},"end":{"line":65,"column":9}},{"start":{},"end":{}}],"line":63}},"s":{"0":1,"1":1,"2":1,"3":2,"4":2,"5":2,"6":1,"7":1,"8":1,"9":3,"10":3,"11":3,"12":3,"13":1,"14":1,"15":2,"16":2,"17":0,"18":1,"19":2,"20":2,"21":2,"22":1,"23":0,"24":1,"25":1,"26":1,"27":1,"28":0,"29":0,"30":1,"31":0,"32":0,"33":0,"34":0,"35":0,"36":0,"37":0,"38":0,"39":0,"40":1},"f":{"0":2,"1":3,"2":2,"3":0,"4":0},"b":{"0":[1,2],"1":[0,1],"2":[0,0],"3":[0,0]},"_coverageSchema":"1a1c01bbd47fc00a2c39e90264f33305004495a9","hash":"f45e977b8820b4c9df7bd4463246f2ca27698050"}
,"/Users/lorinitzhak/Desktop/Web_class/app_b/models/posts_model.js": {"path":"/Users/lorinitzhak/Desktop/Web_class/app_b/models/posts_model.js","statementMap":{"0":{"start":{"line":1,"column":17},"end":{"line":1,"column":36}},"1":{"start":{"line":2,"column":15},"end":{"line":2,"column":30}},"2":{"start":{"line":3,"column":19},"end":{"line":13,"column":2}},"3":{"start":{"line":14,"column":13},"end":{"line":14,"column":48}},"4":{"start":{"line":15,"column":0},"end":{"line":15,"column":22}}},"fnMap":{},"branchMap":{},"s":{"0":1,"1":1,"2":1,"3":1,"4":1},"f":{},"b":{},"_coverageSchema":"1a1c01bbd47fc00a2c39e90264f33305004495a9","hash":"ef6aef61463dac6a13c0aaa11c3a651b08e4cbfe"}
,"/Users/lorinitzhak/Desktop/Web_class/app_b/routes/posts_routes.js": {"path":"/Users/lorinitzhak/Desktop/Web_class/app_b/routes/posts_routes.js","statementMap":{"0":{"start":{"line":2,"column":15},"end":{"line":2,"column":33}},"1":{"start":{"line":3,"column":15},"end":{"line":3,"column":31}},"2":{"start":{"line":4,"column":14},"end":{"line":4,"column":44}},"3":{"start":{"line":6,"column":0},"end":{"line":6,"column":35}},"4":{"start":{"line":7,"column":0},"end":{"line":7,"column":33}},"5":{"start":{"line":8,"column":0},"end":{"line":8,"column":37}},"6":{"start":{"line":9,"column":0},"end":{"line":9,"column":41}},"7":{"start":{"line":10,"column":0},"end":{"line":10,"column":38}},"8":{"start":{"line":13,"column":0},"end":{"line":13,"column":23}}},"fnMap":{},"branchMap":{},"s":{"0":1,"1":1,"2":1,"3":1,"4":1,"5":1,"6":1,"7":1,"8":1},"f":{},"b":{},"_coverageSchema":"1a1c01bbd47fc00a2c39e90264f33305004495a9","hash":"d97bd3fa027ee352b2cf47ce5f78ca5c0c89d1b8"}
}
